<?xml version="1.0" encoding="UTF-8"?>
<coverage generated="1702601435130" clover="3.2.0">
  <project timestamp="1702601435130" name="All files">
    <metrics statements="53" coveredstatements="53" conditionals="25" coveredconditionals="25" methods="8" coveredmethods="8" elements="86" coveredelements="86" complexity="0" loc="53" ncloc="53" packages="1" files="1" classes="1"/>
    <file name="index.js" path="/Users/calixto117/brightcoders/s1a1-el-juego-de-la-vida-rn-a1-equipo-2/index.js">
      <metrics statements="53" coveredstatements="53" conditionals="25" coveredconditionals="25" methods="8" coveredmethods="8"/>
      <line num="3" count="5" type="stmt"/>
      <line num="4" count="5" type="stmt"/>
      <line num="5" count="5" type="stmt"/>
      <line num="9" count="5" type="stmt"/>
      <line num="10" count="5" type="stmt"/>
      <line num="11" count="30" type="stmt"/>
      <line num="12" count="30" type="stmt"/>
      <line num="14" count="250" type="cond" truecount="2" falsecount="0"/>
      <line num="17" count="5" type="stmt"/>
      <line num="21" count="43" type="stmt"/>
      <line num="22" count="43" type="stmt"/>
      <line num="23" count="430" type="stmt"/>
      <line num="24" count="430" type="stmt"/>
      <line num="25" count="6450" type="cond" truecount="2" falsecount="0"/>
      <line num="27" count="430" type="stmt"/>
      <line num="29" count="43" type="stmt"/>
      <line num="33" count="42" type="stmt"/>
      <line num="34" count="42" type="stmt"/>
      <line num="35" count="420" type="stmt"/>
      <line num="36" count="420" type="stmt"/>
      <line num="37" count="6300" type="stmt"/>
      <line num="38" count="6300" type="cond" truecount="2" falsecount="0"/>
      <line num="40" count="1171" type="cond" truecount="4" falsecount="0"/>
      <line num="43" count="5129" type="cond" truecount="2" falsecount="0"/>
      <line num="48" count="420" type="stmt"/>
      <line num="50" count="42" type="stmt"/>
      <line num="54" count="6302" type="stmt"/>
      <line num="55" count="6302" type="stmt"/>
      <line num="56" count="18906" type="stmt"/>
      <line num="57" count="56718" type="stmt"/>
      <line num="58" count="56718" type="stmt"/>
      <line num="59" count="56718" type="cond" truecount="2" falsecount="0"/>
      <line num="64" count="44279" type="stmt"/>
      <line num="68" count="6302" type="stmt"/>
      <line num="72" count="42" type="stmt"/>
      <line num="76" count="42" type="stmt"/>
      <line num="77" count="138" type="stmt"/>
      <line num="78" count="1715" type="cond" truecount="2" falsecount="0"/>
      <line num="79" count="41" type="stmt"/>
      <line num="83" count="1" type="stmt"/>
      <line num="87" count="1" type="stmt"/>
      <line num="88" count="1" type="stmt"/>
      <line num="89" count="1" type="stmt"/>
      <line num="90" count="1" type="stmt"/>
      <line num="92" count="1" type="stmt"/>
      <line num="93" count="42" type="stmt"/>
      <line num="94" count="42" type="stmt"/>
      <line num="95" count="42" type="stmt"/>
      <line num="98" count="42" type="cond" truecount="2" falsecount="0"/>
      <line num="99" count="1" type="stmt"/>
      <line num="100" count="1" type="stmt"/>
      <line num="102" count="41" type="stmt"/>
      <line num="105" count="1" type="stmt"/>
    </file>
  </project>
</coverage>
