{"/Users/calixto117/brightcoders/s1a1-el-juego-de-la-vida-rn-a1-equipo-2/index.js": {"path":"/Users/calixto117/brightcoders/s1a1-el-juego-de-la-vida-rn-a1-equipo-2/index.js","statementMap":{"0":{"start":{"line":3,"column":4},"end":{"line":3,"column":21}},"1":{"start":{"line":4,"column":4},"end":{"line":4,"column":27}},"2":{"start":{"line":5,"column":4},"end":{"line":5,"column":58}},"3":{"start":{"line":9,"column":25},"end":{"line":9,"column":27}},"4":{"start":{"line":10,"column":4},"end":{"line":16,"column":5}},"5":{"start":{"line":10,"column":17},"end":{"line":10,"column":18}},"6":{"start":{"line":11,"column":6},"end":{"line":11,"column":27}},"7":{"start":{"line":12,"column":6},"end":{"line":15,"column":7}},"8":{"start":{"line":12,"column":19},"end":{"line":12,"column":20}},"9":{"start":{"line":14,"column":8},"end":{"line":14,"column":57}},"10":{"start":{"line":17,"column":4},"end":{"line":17,"column":24}},"11":{"start":{"line":21,"column":17},"end":{"line":21,"column":19}},"12":{"start":{"line":22,"column":4},"end":{"line":28,"column":5}},"13":{"start":{"line":22,"column":17},"end":{"line":22,"column":18}},"14":{"start":{"line":23,"column":16},"end":{"line":23,"column":18}},"15":{"start":{"line":24,"column":6},"end":{"line":26,"column":7}},"16":{"start":{"line":24,"column":19},"end":{"line":24,"column":20}},"17":{"start":{"line":25,"column":8},"end":{"line":25,"column":41}},"18":{"start":{"line":27,"column":6},"end":{"line":27,"column":34}},"19":{"start":{"line":29,"column":4},"end":{"line":29,"column":24}},"20":{"start":{"line":33,"column":26},"end":{"line":33,"column":28}},"21":{"start":{"line":34,"column":4},"end":{"line":46,"column":5}},"22":{"start":{"line":34,"column":17},"end":{"line":34,"column":18}},"23":{"start":{"line":35,"column":6},"end":{"line":35,"column":28}},"24":{"start":{"line":36,"column":6},"end":{"line":45,"column":7}},"25":{"start":{"line":36,"column":19},"end":{"line":36,"column":20}},"26":{"start":{"line":37,"column":26},"end":{"line":37,"column":51}},"27":{"start":{"line":38,"column":8},"end":{"line":44,"column":9}},"28":{"start":{"line":40,"column":10},"end":{"line":40,"column":75}},"29":{"start":{"line":43,"column":10},"end":{"line":43,"column":56}},"30":{"start":{"line":48,"column":4},"end":{"line":48,"column":79}},"31":{"start":{"line":48,"column":66},"end":{"line":48,"column":77}},"32":{"start":{"line":50,"column":4},"end":{"line":50,"column":43}},"33":{"start":{"line":54,"column":16},"end":{"line":54,"column":17}},"34":{"start":{"line":55,"column":4},"end":{"line":67,"column":5}},"35":{"start":{"line":55,"column":17},"end":{"line":55,"column":19}},"36":{"start":{"line":56,"column":8},"end":{"line":66,"column":9}},"37":{"start":{"line":56,"column":21},"end":{"line":56,"column":23}},"38":{"start":{"line":57,"column":27},"end":{"line":57,"column":32}},"39":{"start":{"line":58,"column":30},"end":{"line":58,"column":35}},"40":{"start":{"line":59,"column":12},"end":{"line":65,"column":13}},"41":{"start":{"line":64,"column":16},"end":{"line":64,"column":67}},"42":{"start":{"line":68,"column":4},"end":{"line":68,"column":17}},"43":{"start":{"line":72,"column":4},"end":{"line":72,"column":35}},"44":{"start":{"line":76,"column":4},"end":{"line":82,"column":5}},"45":{"start":{"line":76,"column":17},"end":{"line":76,"column":18}},"46":{"start":{"line":77,"column":6},"end":{"line":81,"column":7}},"47":{"start":{"line":77,"column":19},"end":{"line":77,"column":20}},"48":{"start":{"line":78,"column":8},"end":{"line":80,"column":9}},"49":{"start":{"line":79,"column":10},"end":{"line":79,"column":23}},"50":{"start":{"line":83,"column":4},"end":{"line":83,"column":16}},"51":{"start":{"line":87,"column":13},"end":{"line":87,"column":35}},"52":{"start":{"line":88,"column":0},"end":{"line":88,"column":35}},"53":{"start":{"line":89,"column":0},"end":{"line":89,"column":40}},"54":{"start":{"line":90,"column":22},"end":{"line":90,"column":23}},"55":{"start":{"line":92,"column":0},"end":{"line":103,"column":1}},"56":{"start":{"line":93,"column":2},"end":{"line":93,"column":24}},"57":{"start":{"line":94,"column":2},"end":{"line":94,"column":48}},"58":{"start":{"line":95,"column":2},"end":{"line":95,"column":42}},"59":{"start":{"line":98,"column":2},"end":{"line":101,"column":3}},"60":{"start":{"line":99,"column":4},"end":{"line":99,"column":85}},"61":{"start":{"line":100,"column":4},"end":{"line":100,"column":10}},"62":{"start":{"line":102,"column":2},"end":{"line":102,"column":20}},"63":{"start":{"line":105,"column":0},"end":{"line":105,"column":29}}},"fnMap":{"0":{"name":"(anonymous_0)","decl":{"start":{"line":2,"column":2},"end":{"line":2,"column":3}},"loc":{"start":{"line":2,"column":29},"end":{"line":6,"column":3}},"line":2},"1":{"name":"(anonymous_1)","decl":{"start":{"line":8,"column":2},"end":{"line":8,"column":3}},"loc":{"start":{"line":8,"column":26},"end":{"line":18,"column":3}},"line":8},"2":{"name":"(anonymous_2)","decl":{"start":{"line":20,"column":2},"end":{"line":20,"column":3}},"loc":{"start":{"line":20,"column":20},"end":{"line":30,"column":3}},"line":20},"3":{"name":"(anonymous_3)","decl":{"start":{"line":32,"column":2},"end":{"line":32,"column":3}},"loc":{"start":{"line":32,"column":19},"end":{"line":51,"column":3}},"line":32},"4":{"name":"(anonymous_4)","decl":{"start":{"line":48,"column":57},"end":{"line":48,"column":58}},"loc":{"start":{"line":48,"column":66},"end":{"line":48,"column":77}},"line":48},"5":{"name":"(anonymous_5)","decl":{"start":{"line":53,"column":2},"end":{"line":53,"column":3}},"loc":{"start":{"line":53,"column":23},"end":{"line":69,"column":1}},"line":53},"6":{"name":"(anonymous_6)","decl":{"start":{"line":71,"column":2},"end":{"line":71,"column":3}},"loc":{"start":{"line":71,"column":26},"end":{"line":73,"column":3}},"line":71},"7":{"name":"(anonymous_7)","decl":{"start":{"line":75,"column":2},"end":{"line":75,"column":3}},"loc":{"start":{"line":75,"column":29},"end":{"line":84,"column":3}},"line":75}},"branchMap":{"0":{"loc":{"start":{"line":14,"column":29},"end":{"line":14,"column":56}},"type":"cond-expr","locations":[{"start":{"line":14,"column":51},"end":{"line":14,"column":52}},{"start":{"line":14,"column":55},"end":{"line":14,"column":56}}],"line":14},"1":{"loc":{"start":{"line":25,"column":15},"end":{"line":25,"column":40}},"type":"cond-expr","locations":[{"start":{"line":25,"column":29},"end":{"line":25,"column":33}},{"start":{"line":25,"column":36},"end":{"line":25,"column":40}}],"line":25},"2":{"loc":{"start":{"line":38,"column":8},"end":{"line":44,"column":9}},"type":"if","locations":[{"start":{"line":38,"column":8},"end":{"line":44,"column":9}},{"start":{"line":41,"column":15},"end":{"line":44,"column":9}}],"line":38},"3":{"loc":{"start":{"line":40,"column":32},"end":{"line":40,"column":74}},"type":"cond-expr","locations":[{"start":{"line":40,"column":69},"end":{"line":40,"column":70}},{"start":{"line":40,"column":73},"end":{"line":40,"column":74}}],"line":40},"4":{"loc":{"start":{"line":40,"column":32},"end":{"line":40,"column":66}},"type":"binary-expr","locations":[{"start":{"line":40,"column":32},"end":{"line":40,"column":47}},{"start":{"line":40,"column":51},"end":{"line":40,"column":66}}],"line":40},"5":{"loc":{"start":{"line":43,"column":32},"end":{"line":43,"column":55}},"type":"cond-expr","locations":[{"start":{"line":43,"column":50},"end":{"line":43,"column":51}},{"start":{"line":43,"column":54},"end":{"line":43,"column":55}}],"line":43},"6":{"loc":{"start":{"line":59,"column":12},"end":{"line":65,"column":13}},"type":"if","locations":[{"start":{"line":59,"column":12},"end":{"line":65,"column":13}},{"start":{},"end":{}}],"line":59},"7":{"loc":{"start":{"line":60,"column":16},"end":{"line":62,"column":37}},"type":"binary-expr","locations":[{"start":{"line":60,"column":16},"end":{"line":60,"column":27}},{"start":{"line":60,"column":31},"end":{"line":60,"column":49}},{"start":{"line":61,"column":16},"end":{"line":61,"column":30}},{"start":{"line":61,"column":34},"end":{"line":61,"column":58}},{"start":{"line":62,"column":16},"end":{"line":62,"column":37}}],"line":60},"8":{"loc":{"start":{"line":62,"column":18},"end":{"line":62,"column":36}},"type":"binary-expr","locations":[{"start":{"line":62,"column":18},"end":{"line":62,"column":25}},{"start":{"line":62,"column":29},"end":{"line":62,"column":36}}],"line":62},"9":{"loc":{"start":{"line":78,"column":8},"end":{"line":80,"column":9}},"type":"if","locations":[{"start":{"line":78,"column":8},"end":{"line":80,"column":9}},{"start":{},"end":{}}],"line":78},"10":{"loc":{"start":{"line":98,"column":2},"end":{"line":101,"column":3}},"type":"if","locations":[{"start":{"line":98,"column":2},"end":{"line":101,"column":3}},{"start":{},"end":{}}],"line":98}},"s":{"0":5,"1":5,"2":5,"3":5,"4":5,"5":5,"6":30,"7":30,"8":30,"9":250,"10":5,"11":43,"12":43,"13":43,"14":430,"15":430,"16":430,"17":6450,"18":430,"19":43,"20":42,"21":42,"22":42,"23":420,"24":420,"25":420,"26":6300,"27":6300,"28":1171,"29":5129,"30":42,"31":420,"32":42,"33":6302,"34":6302,"35":6302,"36":18906,"37":18906,"38":56718,"39":56718,"40":56718,"41":44279,"42":6302,"43":42,"44":42,"45":42,"46":138,"47":138,"48":1715,"49":41,"50":1,"51":1,"52":1,"53":1,"54":1,"55":1,"56":42,"57":42,"58":42,"59":42,"60":1,"61":1,"62":41,"63":1},"f":{"0":5,"1":5,"2":43,"3":42,"4":420,"5":6302,"6":42,"7":42},"b":{"0":[123,127],"1":[1185,5265],"2":[1171,5129],"3":[739,432],"4":[1171,751],"5":[374,4755],"6":[44279,12439],"7":[56718,54825,52935,51757,50581],"8":[50581,18065],"9":[41,1674],"10":[1,41]},"_coverageSchema":"1a1c01bbd47fc00a2c39e90264f33305004495a9","hash":"ddc840bbc1dbac6e5e70ec9cf99455cbe4db485d"}
}
