TN:
SF:index.js
FN:2,(anonymous_0)
FN:8,(anonymous_1)
FN:20,(anonymous_2)
FN:32,(anonymous_3)
FN:48,(anonymous_4)
FN:53,(anonymous_5)
FN:71,(anonymous_6)
FN:75,(anonymous_7)
FNF:8
FNH:8
FNDA:5,(anonymous_0)
FNDA:5,(anonymous_1)
FNDA:43,(anonymous_2)
FNDA:42,(anonymous_3)
FNDA:420,(anonymous_4)
FNDA:6302,(anonymous_5)
FNDA:42,(anonymous_6)
FNDA:42,(anonymous_7)
DA:3,5
DA:4,5
DA:5,5
DA:9,5
DA:10,5
DA:11,30
DA:12,30
DA:14,250
DA:17,5
DA:21,43
DA:22,43
DA:23,430
DA:24,430
DA:25,6450
DA:27,430
DA:29,43
DA:33,42
DA:34,42
DA:35,420
DA:36,420
DA:37,6300
DA:38,6300
DA:40,1171
DA:43,5129
DA:48,420
DA:50,42
DA:54,6302
DA:55,6302
DA:56,18906
DA:57,56718
DA:58,56718
DA:59,56718
DA:64,44279
DA:68,6302
DA:72,42
DA:76,42
DA:77,138
DA:78,1715
DA:79,41
DA:83,1
DA:87,1
DA:88,1
DA:89,1
DA:90,1
DA:92,1
DA:93,42
DA:94,42
DA:95,42
DA:98,42
DA:99,1
DA:100,1
DA:102,41
DA:105,1
LF:53
LH:53
BRDA:14,0,0,123
BRDA:14,0,1,127
BRDA:25,1,0,1185
BRDA:25,1,1,5265
BRDA:38,2,0,1171
BRDA:38,2,1,5129
BRDA:40,3,0,739
BRDA:40,3,1,432
BRDA:40,4,0,1171
BRDA:40,4,1,751
BRDA:43,5,0,374
BRDA:43,5,1,4755
BRDA:59,6,0,44279
BRDA:59,6,1,12439
BRDA:60,7,0,56718
BRDA:60,7,1,54825
BRDA:60,7,2,52935
BRDA:60,7,3,51757
BRDA:60,7,4,50581
BRDA:62,8,0,50581
BRDA:62,8,1,18065
BRDA:78,9,0,41
BRDA:78,9,1,1674
BRDA:98,10,0,1
BRDA:98,10,1,41
BRF:25
BRH:25
end_of_record
